<?xml version="1.0" encoding="UTF-8"?>
<robot generator="Robot 6.1 (Python 3.11.4 on win32)" generated="20241012 11:50:27.249" rpa="false" schemaversion="4">
<suite id="s1" name="TCP002 POST CREATE USER" source="D:\Ayu\Testing-Interview\Lion Parcel\Automation-API\testcase\TCP002_POST_CREATE_USER.robot">
<test id="s1-t1" name="Scenario: User get requests a detail users" line="13">
<kw name="Given the API is available">
<tag>POST</tag>
<kw name="Create Session" library="RequestsLibrary">
<arg>Createuser</arg>
<arg>${BASE_URL}</arg>
<arg>verify=True</arg>
<doc>Create Session: create a HTTP session to a server</doc>
<msg timestamp="20241012 11:50:27.389" level="INFO">Creating Session using : alias=Createuser, url=https://reqres.in/, headers={},                     cookies={}, auth=None, timeout=None, proxies=None, verify=True,                     debug=0 </msg>
<status status="PASS" starttime="20241012 11:50:27.389" endtime="20241012 11:50:27.389"/>
</kw>
<status status="PASS" starttime="20241012 11:50:27.388" endtime="20241012 11:50:27.389"/>
</kw>
<kw name="When I send a POST request">
<arg>/api/users</arg>
<kw name="Create Dictionary" library="BuiltIn">
<var>${body}</var>
<arg>name=${name_payload}</arg>
<arg>job=${job_payload}</arg>
<doc>Creates and returns a dictionary based on the given ``items``.</doc>
<msg timestamp="20241012 11:50:27.391" level="INFO">${body} = {'name': 'Ayuanriyani', 'job': 'QA Engineering'}</msg>
<status status="PASS" starttime="20241012 11:50:27.390" endtime="20241012 11:50:27.391"/>
</kw>
<kw name="POST On Session" library="RequestsLibrary">
<var>${Response}</var>
<arg>Createuser</arg>
<arg>${url_endpoint}</arg>
<arg>json=${body}</arg>
<doc>Sends a POST request on a previously created HTTP Session.</doc>
<msg timestamp="20241012 11:50:27.856" level="INFO">POST Request : url=https://reqres.in/api/users 
 path_url=/api/users 
 headers={'User-Agent': 'python-requests/2.31.0', 'Accept-Encoding': 'gzip, deflate', 'Accept': '*/*', 'Connection': 'keep-alive', 'Content-Length': '48', 'Content-Type': 'application/json'} 
 body=b'{"name": "Ayuanriyani", "job": "QA Engineering"}' 
 </msg>
<msg timestamp="20241012 11:50:27.856" level="INFO">POST Response : url=https://reqres.in/api/users 
 status=201, reason=Created 
 headers={'Date': 'Sat, 12 Oct 2024 04:50:28 GMT', 'Content-Type': 'application/json; charset=utf-8', 'Content-Length': '95', 'Connection': 'keep-alive', 'Report-To': '{"group":"heroku-nel","max_age":3600,"endpoints":[{"url":"https://nel.heroku.com/reports?ts=1728708628&amp;sid=c4c9725f-1ab0-44d8-820f-430df2718e11&amp;s=syZG%2Fsd7CdIj5fUkosNCM2gO7sqd8RywxDUEqFGpNqg%3D"}]}', 'Reporting-Endpoints': 'heroku-nel=https://nel.heroku.com/reports?ts=1728708628&amp;sid=c4c9725f-1ab0-44d8-820f-430df2718e11&amp;s=syZG%2Fsd7CdIj5fUkosNCM2gO7sqd8RywxDUEqFGpNqg%3D', 'Nel': '{"report_to":"heroku-nel","max_age":3600,"success_fraction":0.005,"failure_fraction":0.05,"response_headers":["Via"]}', 'X-Powered-By': 'Express', 'Access-Control-Allow-Origin': '*', 'Etag': 'W/"5f-b3UnLkk6k0XFR4874xA6TqTSm54"', 'Via': '1.1 vegur', 'CF-Cache-Status': 'DYNAMIC', 'Server': 'cloudflare', 'CF-RAY': '8d14781ddca140ef-SIN'} 
 body={"name":"Ayuanriyani","job":"QA Engineering","id":"582","createdAt":"2024-10-12T04:50:28.409Z"} 
 </msg>
<msg timestamp="20241012 11:50:27.857" level="INFO">${Response} = &lt;Response [201]&gt;</msg>
<status status="PASS" starttime="20241012 11:50:27.391" endtime="20241012 11:50:27.857"/>
</kw>
<kw name="Set Suite Variable" library="BuiltIn">
<arg>${response}</arg>
<doc>Makes a variable available everywhere within the scope of the current suite.</doc>
<msg timestamp="20241012 11:50:27.857" level="INFO">${response} = &lt;Response [201]&gt;</msg>
<status status="PASS" starttime="20241012 11:50:27.857" endtime="20241012 11:50:27.857"/>
</kw>
<kw name="Log" library="BuiltIn">
<arg>Response: ${response.text}</arg>
<doc>Logs the given message with the given level.</doc>
<msg timestamp="20241012 11:50:27.858" level="INFO">Response: {"name":"Ayuanriyani","job":"QA Engineering","id":"582","createdAt":"2024-10-12T04:50:28.409Z"}</msg>
<status status="PASS" starttime="20241012 11:50:27.858" endtime="20241012 11:50:27.858"/>
</kw>
<status status="PASS" starttime="20241012 11:50:27.390" endtime="20241012 11:50:27.859"/>
</kw>
<kw name="Then The response status code should be">
<arg>201</arg>
<kw name="Convert To String" library="BuiltIn">
<var>${resp.status_code}</var>
<arg>${Response.status_code}</arg>
<doc>Converts the given item to a Unicode string.</doc>
<msg timestamp="20241012 11:50:27.861" level="INFO">${resp.status_code} = 201</msg>
<status status="PASS" starttime="20241012 11:50:27.860" endtime="20241012 11:50:27.861"/>
</kw>
<kw name="Should Be Equal" library="BuiltIn">
<arg>${resp.status_code}</arg>
<arg>${status_code}</arg>
<doc>Fails if the given objects are unequal.</doc>
<status status="PASS" starttime="20241012 11:50:27.861" endtime="20241012 11:50:27.861"/>
</kw>
<kw name="Set Suite Variable" library="BuiltIn">
<arg>${response}</arg>
<doc>Makes a variable available everywhere within the scope of the current suite.</doc>
<msg timestamp="20241012 11:50:27.862" level="INFO">${response} = &lt;Response [201]&gt;</msg>
<status status="PASS" starttime="20241012 11:50:27.861" endtime="20241012 11:50:27.862"/>
</kw>
<kw name="Log" library="BuiltIn">
<arg>Response: ${response.text}</arg>
<doc>Logs the given message with the given level.</doc>
<msg timestamp="20241012 11:50:27.863" level="INFO">Response: {"name":"Ayuanriyani","job":"QA Engineering","id":"582","createdAt":"2024-10-12T04:50:28.409Z"}</msg>
<status status="PASS" starttime="20241012 11:50:27.862" endtime="20241012 11:50:27.863"/>
</kw>
<status status="PASS" starttime="20241012 11:50:27.859" endtime="20241012 11:50:27.863"/>
</kw>
<kw name="And The response data is match">
<kw name="To JSON">
<var>${response_json}</var>
<arg>${response.text}</arg>
<kw name="Evaluate" library="BuiltIn">
<var>${json_data}</var>
<arg>json.loads('''${response_text}''')</arg>
<arg>json</arg>
<doc>Evaluates the given expression in Python and returns the result.</doc>
<msg timestamp="20241012 11:50:27.864" level="INFO">${json_data} = {'name': 'Ayuanriyani', 'job': 'QA Engineering', 'id': '582', 'createdAt': '2024-10-12T04:50:28.409Z'}</msg>
<status status="PASS" starttime="20241012 11:50:27.864" endtime="20241012 11:50:27.865"/>
</kw>
<msg timestamp="20241012 11:50:27.865" level="INFO">${response_json} = {'name': 'Ayuanriyani', 'job': 'QA Engineering', 'id': '582', 'createdAt': '2024-10-12T04:50:28.409Z'}</msg>
<status status="PASS" starttime="20241012 11:50:27.864" endtime="20241012 11:50:27.865"/>
</kw>
<kw name="Set Suite Variable" library="BuiltIn">
<arg>${response_json}</arg>
<doc>Makes a variable available everywhere within the scope of the current suite.</doc>
<msg timestamp="20241012 11:50:27.865" level="INFO">${response_json} = {'name': 'Ayuanriyani', 'job': 'QA Engineering', 'id': '582', 'createdAt': '2024-10-12T04:50:28.409Z'}</msg>
<status status="PASS" starttime="20241012 11:50:27.865" endtime="20241012 11:50:27.865"/>
</kw>
<kw name="Set Variable" library="BuiltIn">
<var>${name}</var>
<arg>${response_json['name']}</arg>
<doc>Returns the given values which can then be assigned to a variables.</doc>
<msg timestamp="20241012 11:50:27.866" level="INFO">${name} = Ayuanriyani</msg>
<status status="PASS" starttime="20241012 11:50:27.865" endtime="20241012 11:50:27.866"/>
</kw>
<kw name="Set Variable" library="BuiltIn">
<var>${job}</var>
<arg>${response_json['job']}</arg>
<doc>Returns the given values which can then be assigned to a variables.</doc>
<msg timestamp="20241012 11:50:27.866" level="INFO">${job} = QA Engineering</msg>
<status status="PASS" starttime="20241012 11:50:27.866" endtime="20241012 11:50:27.866"/>
</kw>
<kw name="Should Be Equal" library="BuiltIn">
<arg>${name}</arg>
<arg>${name_payload}</arg>
<doc>Fails if the given objects are unequal.</doc>
<status status="PASS" starttime="20241012 11:50:27.866" endtime="20241012 11:50:27.867"/>
</kw>
<kw name="Should Be Equal" library="BuiltIn">
<arg>${job}</arg>
<arg>${job_payload}</arg>
<doc>Fails if the given objects are unequal.</doc>
<status status="PASS" starttime="20241012 11:50:27.867" endtime="20241012 11:50:27.867"/>
</kw>
<status status="PASS" starttime="20241012 11:50:27.864" endtime="20241012 11:50:27.867"/>
</kw>
<status status="PASS" starttime="20241012 11:50:27.388" endtime="20241012 11:50:27.867"/>
</test>
<status status="PASS" starttime="20241012 11:50:27.251" endtime="20241012 11:50:27.869"/>
</suite>
<statistics>
<total>
<stat pass="1" fail="0" skip="0">All Tests</stat>
</total>
<tag>
</tag>
<suite>
<stat pass="1" fail="0" skip="0" id="s1" name="TCP002 POST CREATE USER">TCP002 POST CREATE USER</stat>
</suite>
</statistics>
<errors>
</errors>
</robot>
